Array
(
    [address_id] => 
    [address_name] => fsde
    [contact_name] => sdfgds
    [contact_phone] => 7896541236
    [country] => sdfgdsg
    [state] => dsfgsdfgg
    [city] => wfgrfg
    [pincode] => 458782
    [landmark] => sdg
    [address_line] => werfewrftewf
)
Array
(
    [address_id] => 
    [address_name] => dfcdsf
    [contact_name] => dsfdsf
    [contact_phone] => 7896541236
    [country] => sfdsafdsf
    [state] => dsfdsfds
    [city] => sdfdsf
    [pincode] => 789654
    [landmark] => asdfsafdasd
    [address_line] => sadfdsaf
)
Array
(
    [address_id] => 
    [address_name] => ssad
    [contact_name] => sadsad
    [contact_phone] => 4563214785
    [country] => safsadfsda
    [state] => sadfdsfdsf
    [city] => dsfdsfsf
    [pincode] => 45632
    [landmark] => sdafcdsafds
    [address_line] => sdafdsf
)
Array
(
    [address_id] => 631
    [address_name] => newwww 
    [contact_name] => imrannn
    [contact_phone] => 45632147895
    [country] => india
    [state] => wb
    [city] => kolkata
    [pincode] => 436456
    [landmark] => dfhdf
    [address_line] => dfgfdg
)
Array
(
    [sendData] => Array
        (
            [address_id] => 631
            [address_name] => office2
            [contact_name] => Imran Mallik
            [contact_phone] => 435435646
            [country] => india
            [state] => wb
            [city] => kolkata
            [pincode] => 700001
            [landmark] => Astra
            [address_line] => dsfdsf
        )

)
Array
(
    [sendData] => Array
        (
            [address_id] => 
            [address_name] => Office3
            [contact_name] => Emran Mallik
            [contact_phone] => 7896541254
            [country] => India
            [state] => west Bangle
            [city] => Kolkata
            [pincode] => 789654
            [landmark] => Astra Tower
            [address_line] => Astra Tower
        )

)
Array
(
    [sendData] => Array
        (
            [address_id] => 
            [address_name] => Kolkata
            [contact_name] => Imran Mallik
            [contact_phone] => 8116334725
            [country] => India
            [state] => west Bangle
            [city] => Haldia
            [pincode] => 789654
            [landmark] => GIST
            [address_line] => OsmanPur
        )

)
Array
(
    [sendData] => Array
        (
            [address_id] => 559
            [address_name] => Barir
            [contact_name] => hbdfhdfh
            [contact_phone] => 9787887788
            [country] => India
            [state] => West Bengal
            [city] => kolkata
            [pincode] => 700048
            [landmark] => bala
            [address_line] => 19 Gola
        )

)
Array
(
    [sendData] => Array
        (
            [address_id] => 
            [address_name] => Hshsh
            [contact_name] => Hahja
            [contact_phone] => 8708504251
            [country] => Ijsk
            [state] => Jsjsj
            [city] => Hshjs
            [pincode] => 122001
            [landmark] => Najsj
            [address_line] => Jsjjd
        )

)
Array
(
    [sendData] => Array
        (
            [address_id] => 
            [address_name] => Laptop 
            [contact_name] => Aashi seller
            [contact_phone] => 8708504251
            [country] => India
            [state] => Henne
            [city] => Hdndn
            [pincode] => 122001
            [landmark] => Dlf
            [address_line] => Nsjsns
        )

)
Array
(
    [sendData] => Array
        (
            [address_id] => 
            [address_name] => Osmanpur
            [contact_name] => Imran DaDa
            [contact_phone] => 8116334725
            [country] => Imdia
            [state] => WB
            [city] => Chandipur 
            [pincode] => 721633
            [landmark] => Chandipur 
            [address_line] => Chandipur 
        )

)
Array
(
    [sendData] => Array
        (
            [address_id] => 1220
            [address_name] => Laptop 
            [contact_name] => Aashi seller
            [contact_phone] => 8708504251
            [country] => India
            [state] => Haryana 
            [city] => Gurugram
            [pincode] => 122001
            [landmark] => Dlf
            [address_line] => City court 1009
        )

)
Array
(
    [sendData] => Array
        (
            [address_id] => 1220
            [address_name] => Laptop 
            [contact_name] => Aashi seller
            [contact_phone] => 8708504251
            [country] => India
            [state] => Haryana 
            [city] => Gurugram
            [pincode] => 122001
            [landmark] => Dlf
            [address_line] => City court 1009 Paripatram
        )

)
Array
(
    [sendData] => Array
        (
            [address_id] => 
            [address_name] => Home
            [contact_name] => Aashi
            [contact_phone] => 8708504251
            [country] => India
            [state] => Haryana
            [city] => Gurugram
            [pincode] => 122001
            [landmark] => Dlf
            [address_line] => Ghj
        )

)
Array
(
    [sendData] => Array
        (
            [address_id] => 
            [address_name] => Home
            [contact_name] => Aashi
            [contact_phone] => 8708504251
            [country] => India
            [state] => Haryana
            [city] => Gurugram
            [pincode] => 122001
            [landmark] => Dlf
            [address_line] => Ghj
        )

)
Array
(
    [sendData] => Array
        (
            [address_id] => 
            [address_name] => Home
            [contact_name] => Aashi
            [contact_phone] => 8708504251
            [country] => India
            [state] => Haryana
            [city] => Gurugram
            [pincode] => 122001
            [landmark] => Dlf
            [address_line] => Ghj
        )

)
Array
(
    [sendData] => Array
        (
            [address_id] => 
            [address_name] => Test Address
            [contact_name] => imran
            [contact_phone] => 1234569874
            [country] => India
            [state] => WB
            [city] => Kolkata
            [pincode] => 721633
            [landmark] => saltlak
            [address_line] => kalkata
        )

)
Array
(
    [sendData] => Array
        (
            [address_id] => 
            [address_name] => Jasuda
            [contact_name] => Imran Khan
            [contact_phone] => 9891122818
            [country] => India
            [state] => Odisha
            [city] => Odisa
            [pincode] => 768201
            [landmark] => 711308
            [address_line] => Jasuda
        )

)
Array
(
    [sendData] => Array
        (
            [address_id] => 
            [address_name] => Jasuda
            [contact_name] => Imran Khan
            [contact_phone] => 9875411657
            [country] => India
            [state] => Odisha
            [city] => Odisa
            [pincode] => 768201
            [landmark] => 711308
            [address_line] => Test address 
        )

)
Array
(
    [sendData] => Array
        (
            [address_id] => 1236
            [address_name] => Home
            [contact_name] => Aashi
            [contact_phone] => 8708504251
            [country] => India
            [state] => Haryana 
            [city] => Gurugram 
            [pincode] => 122001
            [landmark] => 122002
            [address_line] => U block dlf phase 3
        )

)
Array
(
    [sendData] => Array
        (
            [address_id] => 1236
            [address_name] => Home
            [contact_name] => Aashi
            [contact_phone] => 8708504251
            [country] => India
            [state] => Delhi
            [city] => New delhi
            [pincode] => 122001
            [landmark] => 122002
            [address_line] => U block dlf phase 3
        )

)
Array
(
    [sendData] => Array
        (
            [address_id] => 
            [address_name] => Home two
            [contact_name] => Aashi
            [contact_phone] => 8708504251
            [country] => India
            [state] => New Delhi
            [city] => Delhi
            [pincode] => 122002
            [landmark] => India gate
            [address_line] => Phase 3 
        )

)
Array
(
    [sendData] => Array
        (
            [address_id] => 1253
            [address_name] => Jasuda
            [contact_name] => Imran Malik 
            [contact_phone] => 9891122818
            [country] => India
            [state] => Odisha
            [city] => Odisa
            [pincode] => 768201
            [landmark] => 711308
            [address_line] => Jasuda
        )

)
Array
(
    [sendData] => Array
        (
            [address_id] => 
            [address_name] => Home
            [contact_name] => Aashi
            [contact_phone] => 8708504251
            [country] => India
            [state] => Delhi
            [city] => New delhi
            [pincode] => 167788
            [landmark] => Vg
            [address_line] => Gg
        )

)
Array
(
    [sendData] => Array
        (
            [address_id] => 
            [address_name] => Address change 
            [contact_name] => Imran Khan
            [contact_phone] => 9875411657
            [country] => India
            [state] => Odisha
            [city] => Odisa
            [pincode] => 768201
            [landmark] => 89999
            [address_line] => Test address 
        )

)
Array
(
    [sendData] => Array
        (
            [address_id] => 
            [address_name] => 1
            [contact_name] => Sam
            [contact_phone] => 0987654321
            [country] => India
            [state] => Tesr
            [city] => Tesr
            [pincode] => 987654
            [landmark] => Tese
            [address_line] => Test
        )

)
Array
(
    [sendData] => Array
        (
            [address_id] => 
            [address_name] => ojojom
            [contact_name] => SK Nadim
            [contact_phone] => 6297616918
            [country] => India
            [state] => West Bengal
            [city] => Purba Medinipur
            [pincode] => 721649
            [landmark] => DGG
            [address_line] => GDGG
        )

)
Array
(
    [sendData] => Array
        (
            [address_id] => 
            [address_name] => Bohichberia
            [contact_name] => Sk Nadim
            [contact_phone] => 06297616918
            [country] => India
            [state] => 482
            [city] => Nadakumar
            [pincode] => 721649
            [landmark] => 3344
            [address_line] => Rrfrgg
        )

)
Array
(
    [sendData] => Array
        (
            [address_id] => 1230
            [address_name] => osmanpur
            [contact_name] => Imran Mallik
            [contact_phone] => 8116334725
            [country] => India
            [state] => WB
            [city] => osmanpur
            [pincode] => 721633
            [landmark] => osmanpur
            [address_line] => osmanpur
        )

)
Array
(
    [sendData] => Array
        (
            [address_id] => 1230
            [address_name] => osmanpur
            [contact_name] => Imran Mallik
            [contact_phone] => 8116334725
            [country] => India
            [state] => WB
            [city] => osmanpur
            [pincode] => 721633
            [landmark] => osmanpur
            [address_line] => osman
        )

)
Array
(
    [sendData] => Array
        (
            [address_id] => 1230
            [address_name] => osmanpur
            [contact_name] => Imran Mallik
            [contact_phone] => 8116334725
            [country] => India
            [state] => WB
            [city] => osmanpur
            [pincode] => 721633
            [landmark] => osmanpur
            [address_line] => osmandfdsf
        )

)
Array
(
    [sendData] => Array
        (
            [address_id] => 1230
            [address_name] => osmanpur
            [contact_name] => Imran Mallik
            [contact_phone] => 8116334725
            [country] => India
            [state] => WB
            [city] => osmanpur
            [pincode] => 721633
            [landmark] => osmanpur
            [address_line] => OsmanPur
        )

)
Array
(
    [sendData] => Array
        (
            [address_id] => 1230
            [address_name] => osmanpur
            [contact_name] => Imran Mallik
            [contact_phone] => 8116334725
            [country] => India
            [state] => WB cyy
            [city] => osmanpur
            [pincode] => 721633
            [landmark] => osmanpur
            [address_line] => OsmanPur
        )

)
Array
(
    [sendData] => Array
        (
            [address_id] => 1230
            [address_name] => osmanpur
            [contact_name] => Imran Mallik
            [contact_phone] => 8116334725
            [country] => Indiadcvsdf
            [state] => WB cyy
            [city] => osmanpur
            [pincode] => 721633
            [landmark] => osmanpur
            [address_line] => OsmanPur
        )

)
Array
(
    [sendData] => Array
        (
            [address_id] => 1230
            [address_name] => osmanpur
            [contact_name] => Imran Mallik
            [contact_phone] => 8116334725
            [country] => Indiadcvsdf
            [state] => WB cyy
            [city] => osmanpur
            [pincode] => 721633sfdsd
            [landmark] => osmanpur
            [address_line] => OsmanPur
        )

)
Array
(
    [sendData] => Array
        (
            [address_id] => 1230
            [address_name] => osmanpur
            [contact_name] => Imran Mallik
            [contact_phone] => 8116334725
            [country] => India
            [state] => WB
            [city] => osmanpur
            [pincode] => 721633
            [landmark] => osmanpur
            [address_line] => OsmanPur
        )

)
Array
(
    [sendData] => Array
        (
            [address_id] => 1230
            [address_name] => osmanpur
            [contact_name] => Imran Mallik
            [contact_phone] => 8116334725
            [country] => India
            [state] => WBDSFDS
            [city] => osmanpur
            [pincode] => 721633
            [landmark] => osmanpur
            [address_line] => OsmanPur
        )

)
Array
(
    [sendData] => Array
        (
            [address_id] => 1230
            [address_name] => osmanpur
            [contact_name] => Imran Mallik
            [contact_phone] => 8116334725
            [country] => India
            [state] => WBDSFDS
            [city] => osmanpur
            [pincode] => 721633
            [landmark] => osmanpur
            [address_line] => OsmanPur
        )

)
Array
(
    [sendData] => Array
        (
            [address_id] => 1230
            [address_name] => osmanpur
            [contact_name] => Imran MallikDSFSDF
            [contact_phone] => 8116334725
            [country] => India
            [state] => WBDSFDS
            [city] => osmanpur
            [pincode] => 721633
            [landmark] => osmanpur
            [address_line] => OsmanPur
        )

)
Array
(
    [sendData] => Array
        (
            [address_id] => 1230
            [address_name] => osmanpur
            [contact_name] => Imran MallikDSFSDF
            [contact_phone] => 8116334725
            [country] => India
            [state] => WBDSFDSFDG
            [city] => osmanpur
            [pincode] => 721633
            [landmark] => osmanpur
            [address_line] => OsmanPur
        )

)
Array
(
    [sendData] => Array
        (
            [address_id] => 1230
            [address_name] => osmanpur
            [contact_name] => Imran MallikDSFSDF
            [contact_phone] => 8116334725
            [country] => India
            [state] => WBDSFDSFDG
            [city] => osmanpur
            [pincode] => 721633
            [landmark] => osmanpur
            [address_line] => OsmanPur
        )

)
Array
(
    [sendData] => Array
        (
            [address_id] => 1230
            [address_name] => osmanpurDFGFD
            [contact_name] => Imran MallikDSFSDF
            [contact_phone] => 8116334725
            [country] => India
            [state] => WBDSFDSFDG
            [city] => osmanpur
            [pincode] => 721633
            [landmark] => osmanpur
            [address_line] => OsmanPur
        )

)
Array
(
    [sendData] => Array
        (
            [address_id] => 1230
            [address_name] => osmanpurDFGFD
            [contact_name] => Imran MallikDSFSDFXXXXXXXX
            [contact_phone] => 8116334725
            [country] => India
            [state] => WBDSFDSFDG
            [city] => osmanpur
            [pincode] => 721633
            [landmark] => osmanpur
            [address_line] => OsmanPur
        )

)
Array
(
    [sendData] => Array
        (
            [address_id] => 1230
            [address_name] => osmanpurDFGFD
            [contact_name] => Imran Mallik
            [contact_phone] => 8116334725
            [country] => India
            [state] => WBDSFDSFDG
            [city] => osmanpur
            [pincode] => 721633
            [landmark] => osmanpur
            [address_line] => OsmanPur
        )

)
Array
(
    [sendData] => Array
        (
            [address_id] => 1230
            [address_name] => osmanpurDFGFD
            [contact_name] => Imran MallikXXXX
            [contact_phone] => 8116334725
            [country] => India
            [state] => WBDSFDSFDG
            [city] => osmanpur
            [pincode] => 721633
            [landmark] => osmanpur
            [address_line] => OsmanPur
        )

)
Array
(
    [sendData] => Array
        (
            [address_id] => 1230
            [address_name] => osmanpur
            [contact_name] => Imran Mallik
            [contact_phone] => 8116334725
            [country] => India
            [state] => WBDSFDSFDG
            [city] => osmanpur
            [pincode] => 721633
            [landmark] => osmanpur
            [address_line] => OsmanPur
        )

)
Array
(
    [sendData] => Array
        (
            [address_id] => 
            [address_name] => test
            [contact_name] => alax
            [contact_phone] => 7896541236
            [country] => India
            [state] => WB
            [city] => kolkata
            [pincode] => 789654
            [landmark] => Kolkata
            [address_line] => OsmanPur
        )

)
Array
(
    [sendData] => Array
        (
            [address_id] => 1230
            [address_name] => osmanpur
            [contact_name] => Imran Mallik
            [contact_phone] => 8116334725
            [country] => Indiann
            [state] => WBDSFDSFDG
            [city] => osmanpur
            [pincode] => 721633
            [landmark] => osmanpur
            [address_line] => OsmanPur
        )

)
Array
(
    [sendData] => Array
        (
            [address_id] => 1230
            [address_name] => osmanpur
            [contact_name] => Imran Mallik
            [contact_phone] => 8116334725
            [country] => India
            [state] => WBDSFDSFDG
            [city] => osmanpur
            [pincode] => 721633
            [landmark] => osmanpur
            [address_line] => OsmanPur
        )

)
Array
(
    [sendData] => Array
        (
            [address_id] => 1230
            [address_name] => osmanpur
            [contact_name] => Imran Mallik
            [contact_phone] => 8116334725
            [country] => Indiaf
            [state] => WBDSFDSFDG
            [city] => osmanpur
            [pincode] => 721633
            [landmark] => osmanpur
            [address_line] => OsmanPur
        )

)
Array
(
    [sendData] => Array
        (
            [address_id] => 1230
            [address_name] => osmanpur
            [contact_name] => Imran Mallik xxx
            [contact_phone] => 8116334725
            [country] => Indiaf
            [state] => WBDSFDSFDG
            [city] => osmanpur
            [pincode] => 721633
            [landmark] => osmanpur
            [address_line] => OsmanPur
        )

)
Array
(
    [sendData] => Array
        (
            [address_id] => 1230
            [address_name] => osmanpur
            [contact_name] => Imran Mallik
            [contact_phone] => 8116334725
            [country] => Indiaf
            [state] => WBDSFDSFDG
            [city] => osmanpur
            [pincode] => 721633
            [landmark] => osmanpur
            [address_line] => OsmanPur
        )

)
Array
(
    [sendData] => Array
        (
            [address_id] => 
            [address_name] => testaa
            [contact_name] => Emran Mallik
            [contact_phone] => 7896541258
            [country] => India
            [state] => wb
            [city] => kolkata
            [pincode] => 721633
            [landmark] => osmanpur
            [address_line] => OsmanPur
        )

)
Array
(
    [sendData] => Array
        (
            [address_id] => 1299
            [address_name] => test
            [contact_name] => test
            [contact_phone] => 4563217895
            [country] => INDIA
            [state] => WB
            [city] => kolkatafff
            [pincode] => 785200
            [landmark] => test
            [address_line] => address
        )

)
Array
(
    [sendData] => Array
        (
            [address_id] => 1230
            [address_name] => osmanpur
            [contact_name] => Imran Mallikww
            [contact_phone] => 8116334725
            [country] => Indiaf
            [state] => WBDSFDSFDG
            [city] => osmanpur
            [pincode] => 721633
            [landmark] => osmanpur
            [address_line] => OsmanPur
        )

)
Array
(
    [sendData] => Array
        (
            [address_id] => 1230
            [address_name] => osmanpur
            [contact_name] => Imran Mallik
            [contact_phone] => 8116334725
            [country] => Indiaf
            [state] => WB
            [city] => osmanpur
            [pincode] => 721633
            [landmark] => osmanpur
            [address_line] => OsmanPur
        )

)
Array
(
    [sendData] => Array
        (
            [address_id] => 1230
            [address_name] => osmanpur
            [contact_name] => Imran Mallik
            [contact_phone] => 8116334725
            [country] => Indiaff
            [state] => WB
            [city] => osmanpur
            [pincode] => 721633
            [landmark] => osmanpur
            [address_line] => OsmanPur
        )

)
Array
(
    [sendData] => Array
        (
            [address_id] => 1300
            [address_name] => test
            [contact_name] => alax
            [contact_phone] => 7896541236
            [country] => Indiabaaaa
            [state] => WB
            [city] => kolkata
            [pincode] => 789654
            [landmark] => Kolkata
            [address_line] => OsmanPur
        )

)
Array
(
    [sendData] => Array
        (
            [address_id] => 
            [address_name] => test fff
            [contact_name] => imrannn
            [contact_phone] => 4534543554
            [country] => India
            [state] => OD
            [city] => Kolkata
            [pincode] => 789621
            [landmark] => osmanpur
            [address_line] => channan
        )

)
Array
(
    [sendData] => Array
        (
            [address_id] => 
            [address_name] => Home
            [contact_name] => Aashi
            [contact_phone] => 8708504251
            [country] => India 
            [state] => Haryana 
            [city] => Gurugram
            [pincode] => 797001
            [landmark] => Dlf
            [address_line] => City
        )

)
Array
(
    [sendData] => Array
        (
            [address_id] => 
            [address_name] => Name
            [contact_name] => Aashi 
            [contact_phone] => 8708504251
            [country] => India
            [state] => Haryana 
            [city] => Gurugram 
            [pincode] => 122001
            [landmark] => Dlf
            [address_line] => Paripatram
        )

)
Array
(
    [sendData] => Array
        (
            [address_id] => 1304
            [address_name] => Name
            [contact_name] => Aashi 
            [contact_phone] => 8708504251
            [country] => India
            [state] => Haryana 
            [city] => Gurugram 
            [pincode] => 89699
            [landmark] => Dlf
            [address_line] => Paripatram
        )

)
Array
(
    [sendData] => Array
        (
            [address_id] => 
            [address_name] => Sithir more kol-700002
            [contact_name] => sandeep
            [contact_phone] => 8335847398
            [country] => India
            [state] => West Bengal
            [city] => Kolkata
            [pincode] => 700035
            [landmark] => South city
            [address_line] => Sithir more kol-700002
        )

)
