Array
(
    [address_id] => 
    [address_name] => fsde
    [contact_name] => sdfgds
    [contact_phone] => 7896541236
    [country] => sdfgdsg
    [state] => dsfgsdfgg
    [city] => wfgrfg
    [pincode] => 458782
    [landmark] => sdg
    [address_line] => werfewrftewf
)
Array
(
    [address_id] => 
    [address_name] => dfcdsf
    [contact_name] => dsfdsf
    [contact_phone] => 7896541236
    [country] => sfdsafdsf
    [state] => dsfdsfds
    [city] => sdfdsf
    [pincode] => 789654
    [landmark] => asdfsafdasd
    [address_line] => sadfdsaf
)
Array
(
    [address_id] => 
    [address_name] => ssad
    [contact_name] => sadsad
    [contact_phone] => 4563214785
    [country] => safsadfsda
    [state] => sadfdsfdsf
    [city] => dsfdsfsf
    [pincode] => 45632
    [landmark] => sdafcdsafds
    [address_line] => sdafdsf
)
Array
(
    [address_id] => 631
    [address_name] => newwww 
    [contact_name] => imrannn
    [contact_phone] => 45632147895
    [country] => india
    [state] => wb
    [city] => kolkata
    [pincode] => 436456
    [landmark] => dfhdf
    [address_line] => dfgfdg
)
Array
(
    [sendData] => Array
        (
            [address_id] => 631
            [address_name] => office2
            [contact_name] => Imran Mallik
            [contact_phone] => 435435646
            [country] => india
            [state] => wb
            [city] => kolkata
            [pincode] => 700001
            [landmark] => Astra
            [address_line] => dsfdsf
        )

)
Array
(
    [sendData] => Array
        (
            [address_id] => 
            [address_name] => Office3
            [contact_name] => Emran Mallik
            [contact_phone] => 7896541254
            [country] => India
            [state] => west Bangle
            [city] => Kolkata
            [pincode] => 789654
            [landmark] => Astra Tower
            [address_line] => Astra Tower
        )

)
Array
(
    [sendData] => Array
        (
            [address_id] => 
            [address_name] => Kolkata
            [contact_name] => Imran Mallik
            [contact_phone] => 8116334725
            [country] => India
            [state] => west Bangle
            [city] => Haldia
            [pincode] => 789654
            [landmark] => GIST
            [address_line] => OsmanPur
        )

)
Array
(
    [sendData] => Array
        (
            [address_id] => 559
            [address_name] => Barir
            [contact_name] => hbdfhdfh
            [contact_phone] => 9787887788
            [country] => India
            [state] => West Bengal
            [city] => kolkata
            [pincode] => 700048
            [landmark] => bala
            [address_line] => 19 Gola
        )

)
Array
(
    [sendData] => Array
        (
            [address_id] => 
            [address_name] => Hshsh
            [contact_name] => Hahja
            [contact_phone] => 8708504251
            [country] => Ijsk
            [state] => Jsjsj
            [city] => Hshjs
            [pincode] => 122001
            [landmark] => Najsj
            [address_line] => Jsjjd
        )

)
Array
(
    [sendData] => Array
        (
            [address_id] => 
            [address_name] => Office
            [contact_name] => Ayaan
            [contact_phone] => 8802519786
            [country] => India
            [state] => Delhi
            [city] => Delhi
            [pincode] => 110020
            [landmark] => Crowne plaza Okhla phase 1
            [address_line] => F, 45, Pocket F, Okhla Phase I, Okhla Industrial Estate, New Delhi, Delhi 110020
        )

)
Array
(
    [sendData] => Array
        (
            [address_id] => 
            [address_name] => Tv
            [contact_name] => Aashi
            [contact_phone] => 8708504251
            [country] => India
            [state] => Haryana 
            [city] => Gurugram 
            [pincode] => 202001
            [landmark] => Dlf
            [address_line] => City court
        )

)
Array
(
    [sendData] => Array
        (
            [address_id] => 
            [address_name] => Home
            [contact_name] => Aashi
            [contact_phone] => 8708504251
            [country] => India
            [state] => Haryana
            [city] => Gurugram
            [pincode] => 122001
            [landmark] => Dlfc
            [address_line] => City court
        )

)
Array
(
    [sendData] => Array
        (
            [address_id] => 
            [address_name] => House No 91 Harijan Basti Palam Extn Dwarka Sec-7
            [contact_name] => Jitender Tanwar
            [contact_phone] => 08285120097
            [country] => India
            [state] => Delhi
            [city] => New Delhi, India
            [pincode] => 110075
            [landmark] => 24 Seven 
            [address_line] => House No 91 Harijan Basti Palam Extn Dwarka Sec-7
        )

)
Array
(
    [sendData] => Array
        (
            [address_id] => 
            [address_name] => RSM PUBLIC SCHOOL SHIV VIHAR PHASE 1
            [contact_name] => Ritu Arora
            [contact_phone] => 9654333359
            [country] => India
            [state] => Delhi
            [city] => Delhi
            [pincode] => 110094
            [landmark] => Jsm public school
            [address_line] => Plot no 22 gali no 10 DELHI 110094
        )

)
Array
(
    [sendData] => Array
        (
            [address_id] => 
            [address_name] => Office
            [contact_name] => Aashi
            [contact_phone] => 8708504251
            [country] => India
            [state] => Haryana
            [city] => Gurgaon
            [pincode] => 122001
            [landmark] => Dlf
            [address_line] => Dlf u block
        )

)
Array
(
    [sendData] => Array
        (
            [address_id] => 
            [address_name] => Tower 5 503 lotus Boulevard sector 100 
            [contact_name] => Aastha
            [contact_phone] => 6307227669
            [country] => India
            [state] => Uttar Pradesh
            [city] => Noida 
            [pincode] => 201303
            [landmark] => Tower 5
            [address_line] => Lotus Boulevard sector 100 
        )

)
Array
(
    [sendData] => Array
        (
            [address_id] => 1247
            [address_name] => Office
            [contact_name] => Anwar Shirpurwala 
            [contact_phone] => 8800644773
            [country] => India
            [state] => Haryana
            [city] => Gurgaon
            [pincode] => 122002
            [landmark] => Near Sikanderpur Metro Station
            [address_line] => Paripatram Solutions, 1009, 10th Floor, DLF City Court
        )

)
Array
(
    [sendData] => Array
        (
            [address_id] => 
            [address_name] => Office
            [contact_name] => Aashi
            [contact_phone] => 8708504251
            [country] => India
            [state] => India
            [city] => Gurugram
            [pincode] => 122001
            [landmark] => Dlf
            [address_line] => City court 1009
        )

)
Array
(
    [sendData] => Array
        (
            [address_id] => 
            [address_name] => Home
            [contact_name] => Aashi
            [contact_phone] => 8708504251
            [country] => India 
            [state] => Indj
            [city] => Hdhne
            [pincode] => 122001
            [landmark] => Hdh
            [address_line] => Hehe
        )

)
Array
(
    [sendData] => Array
        (
            [address_id] => 1280
            [address_name] => Office
            [contact_name] => Aashi
            [contact_phone] => 8708504251
            [country] => India
            [state] => India
            [city] => Gurugram
            [pincode] => 159834
            [landmark] => Dlf
            [address_line] => City court 1009
        )

)
Array
(
    [sendData] => Array
        (
            [address_id] => 
            [address_name] => Shop
            [contact_name] => Aashi
            [contact_phone] => 8708504251
            [country] => India
            [state] => Haryana 
            [city] => Gurugram
            [pincode] => 456789
            [landmark] => Dhh
            [address_line] => Fbbbjh
        )

)
Array
(
    [sendData] => Array
        (
            [address_id] => 
            [address_name] => OSMANPUR
            [contact_name] => ARMAN
            [contact_phone] => 789654
            [country] => INDIA
            [state] => WB
            [city] => CHANDIPUR
            [pincode] => 234567
            [landmark] => KOLKATA
            [address_line] => OSMANPUR
        )

)
Array
(
    [sendData] => Array
        (
            [address_id] => 
            [address_name] => Home
            [contact_name] => Aashi
            [contact_phone] => 8708504251
            [country] => India
            [state] => Haryana 
            [city] => Gurugram 
            [pincode] => 122001
            [landmark] => Dlf
            [address_line] => Paripatram
        )

)
Array
(
    [sendData] => Array
        (
            [address_id] => 1307
            [address_name] => Home
            [contact_name] => Aashi
            [contact_phone] => 8708504251
            [country] => India
            [state] => Haryana 
            [city] => Gurugram 
            [pincode] => 744202
            [landmark] => Dlf
            [address_line] => Paripatram
        )

)
Array
(
    [sendData] => Array
        (
            [address_id] => 
            [address_name] => Office
            [contact_name] => Siddharth 
            [contact_phone] => 9654440717
            [country] => India
            [state] => Haryana 
            [city] => Gurugram 
            [pincode] => 122002
            [landmark] => Sikanderpur metro station 
            [address_line] => 1009, 10th floor, Dlf City court 
        )

)
Array
(
    [sendData] => Array
        (
            [address_id] => 
            [address_name] => Tamluk
            [contact_name] => Sk Nadim
            [contact_phone] => 06297616918
            [country] => India
            [state] => West Bengal
            [city] => Tamluk
            [pincode] => 721649
            [landmark] => Landmark
            [address_line] => Tamluk
        )

)
Array
(
    [sendData] => Array
        (
            [address_id] => 1230
            [address_name] => osmanpur
            [contact_name] => Imran Mallik
            [contact_phone] => 8116334725
            [country] => INDIA
            [state] => WB
            [city] => osmanpur
            [pincode] => 721633
            [landmark] => osmanpur
            [address_line] => osmanpur
        )

)
Array
(
    [sendData] => Array
        (
            [address_id] => 1230
            [address_name] => Chandipur 
            [contact_name] => Imran Mallik
            [contact_phone] => 8116334725
            [country] => INDIA
            [state] => WB
            [city] => osmanpur
            [pincode] => 721633
            [landmark] => osmanpur
            [address_line] => osmanpur
        )

)
Array
(
    [sendData] => Array
        (
            [address_id] => 1230
            [address_name] => Osmanpur 
            [contact_name] => Imran Mallik
            [contact_phone] => 8116334725
            [country] => INDIA
            [state] => WB
            [city] => osmanpur
            [pincode] => 721633
            [landmark] => osmanpur
            [address_line] => osmanpur
        )

)
Array
(
    [sendData] => Array
        (
            [address_id] => 
            [address_name] => zzzt tytyt
            [contact_name] => sss trtr
            [contact_phone] => 9798656464
            [country] => uuu
            [state] => ggg
            [city] => jhj
            [pincode] => 565656
            [landmark] => gfgf
            [address_line] => rtrtr
        )

)
Array
(
    [sendData] => Array
        (
            [address_id] => 
            [address_name] => zzzt tytyt
            [contact_name] => sss trtr
            [contact_phone] => 9798656464
            [country] => uuu
            [state] => ggg
            [city] => jhj
            [pincode] => 565656
            [landmark] => gfgf
            [address_line] => rtrtr rttr
        )

)
Array
(
    [sendData] => Array
        (
            [address_id] => 
            [address_name] => B-403 Pramukh Harmony, Gandhinagar
            [contact_name] => Soham
            [contact_phone] => 9825347635
            [country] => India
            [state] => Gujarat
            [city] => Gandhinagar
            [pincode] => 382421
            [landmark] => near Aashka Hospital
            [address_line] => Kudasan-Sargasan Road, Near Reliance Circle
        )

)
Array
(
    [sendData] => Array
        (
            [address_id] => 
            [address_name] => 4745 IP Extension III
            [contact_name] => Abhishek
            [contact_phone] => 981748383
            [country] => India
            [state] => Haryana
            [city] => Faridabad
            [pincode] => 121001
            [landmark] => DAV
            [address_line] => 4745
        )

)
Array
(
    [sendData] => Array
        (
            [address_id] => 
            [address_name] => Home
            [contact_name] => Aashi
            [contact_phone] => 8708504251
            [country] => India
            [state] => Manipur
            [city] => Imphal
            [pincode] => 795001
            [landmark] => West imphal
            [address_line] => Imphal
        )

)
Array
(
    [sendData] => Array
        (
            [address_id] => 
            [address_name] => Home Town
            [contact_name] => Imran Mallik
            [contact_phone] => 7896541258
            [country] => India
            [state] => WB
            [city] => Kolkata
            [pincode] => 721633
            [landmark] => Kolkata
            [address_line] => kolkata
        )

)
Array
(
    [sendData] => Array
        (
            [address_id] => 
            [address_name] => Parveen Goyal Mobile wala Hno 331 E Block j j colony wazir pur Ashok vihar gurudwara road new Delhi 110052
            [contact_name] => Parveen goyal
            [contact_phone] => 9069988777
            [country] => India 
            [state] => New Delhi 
            [city] => Delhi 
            [pincode] => 110052
            [landmark] => Parveen Mobile wala
            [address_line] => E 331 j j colony wazir pur Ashok vihar New Delhi 110052
        )

)
Array
(
    [sendData] => Array
        (
            [address_id] => 
            [address_name] => Test
            [contact_name] => sg
            [contact_phone] => 8302562626
            [country] => India
            [state] => Uttar Pradesh
            [city] => India
            [pincode] => 274305
            [landmark] => NR TEST
            [address_line] => 256/559
        )

)
Array
(
    [sendData] => Array
        (
            [address_id] => 
            [address_name] => Test
            [contact_name] => sg
            [contact_phone] => 8302562626
            [country] => India
            [state] => Uttar Pradesh
            [city] => India
            [pincode] => 274305
            [landmark] => NR TEST
            [address_line] => 256/559
        )

)
Array
(
    [sendData] => Array
        (
            [address_id] => 
            [address_name] => Test
            [contact_name] => sg
            [contact_phone] => 8302562626
            [country] => India
            [state] => Uttar Pradesh
            [city] => India
            [pincode] => 274305
            [landmark] => NR TEST
            [address_line] => 256/559
        )

)
Array
(
    [sendData] => Array
        (
            [address_id] => 
            [address_name] => Waste Package
            [contact_name] => Test
            [contact_phone] => 8303040453
            [country] => India
            [state] => WB
            [city] => India
            [pincode] => 2704305
            [landmark] => Saltale
            [address_line] => V- 2375/30, Test
        )

)
Array
(
    [sendData] => Array
        (
            [address_id] => 
            [address_name] => Waste Bags
            [contact_name] => Shivam
            [contact_phone] => 8303040453
            [country] => India
            [state] => WB
            [city] => Kolkata
            [pincode] => 785465
            [landmark] => Saltak
            [address_line] => Sector 1
        )

)
Array
(
    [sendData] => Array
        (
            [address_id] => 
            [address_name] => Home address 
            [contact_name] => Shweta Pal
            [contact_phone] => 7838562210
            [country] => India 
            [state] => Haryana
            [city] => Gurugram 
            [pincode] => 122017
            [landmark] => Near Sunday Market 
            [address_line] => Om Vihar, Palam Vihar EXTN, Near Sector - 23A, Gurugram
        )

)
Array
(
    [sendData] => Array
        (
            [address_id] => 
            [address_name] => Modi nagar 
            [contact_name] => 7302537111
            [contact_phone] => 7302537111
            [country] => India 
            [state] => Uttar Pradesh 
            [city] => Meerut 
            [pincode] => 250103
            [landmark] => Shiv mandir 
            [address_line] => Partapur modinagar 
        )

)
Array
(
    [sendData] => Array
        (
            [address_id] => 
            [address_name] => S-77
            [contact_name] => Nadeem
            [contact_phone] => 9891583330
            [country] => India
            [state] => New Delhi
            [city] => Delhi
            [pincode] => 110053
            [landmark] => Abdullah masjid
            [address_line] => S-77 st no 23 Brahmpuri
        )

)
Array
(
    [sendData] => Array
        (
            [address_id] => 
            [address_name] => A-79 Sector-23 Sanjay Nagar
            [contact_name] => Tushar
            [contact_phone] => 9891906961
            [country] => India
            [state] => Uttar Pradesh 
            [city] => Ghaziabad
            [pincode] => 201002
            [landmark] => Near Shiv mandir
            [address_line] => A-79 Sector-23 Sanjay Nagar
        )

)
Array
(
    [sendData] => Array
        (
            [address_id] => 
            [address_name] => C Block Chittaranjan Park 
            [contact_name] => Somnath Banerjee
            [contact_phone] => 919810202448
            [country] => India
            [state] => Delhi
            [city] => New Delhi
            [pincode] => 110019
            [landmark] => Main road 
            [address_line] => Between market 1 &2
        )

)
Array
(
    [sendData] => Array
        (
            [address_id] => 
            [address_name] => 1340
            [contact_name] => Sandeep
            [contact_phone] => 918383089930
            [country] => India
            [state] => Delhi
            [city] => Delhi
            [pincode] => 110006
            [landmark] => Hamdard dawakhana 
            [address_line] => Ajmeri gate chawri bazar
        )

)
Array
(
    [sendData] => Array
        (
            [address_id] => 1450
            [address_name] => Home address 
            [contact_name] => Shweta Pal
            [contact_phone] => 7838562210
            [country] => India 
            [state] => Haryana
            [city] => Gurugram 
            [pincode] => 122017
            [landmark] => Near Sunday Market 
            [address_line] => Plot no 227, street NO. 4, Om Vihar Phase-1,  Palam Vihar EXTN, Near Sector - 23A, Gurugram
        )

)
Array
(
    [sendData] => Array
        (
            [address_id] => 
            [address_name] => 1068 sec faridabad 
            [contact_name] => Heena gupta 
            [contact_phone] => 9717940231
            [country] => INDIA 
            [state] => Haryana 
            [city] => Faridabad 
            [pincode] => 121004
            [landmark] => Aggarwal public school 
            [address_line] => 1068 sec 3 opposite aggarwal school , near mother diary  
        )

)
Array
(
    [sendData] => Array
        (
            [address_id] => 
            [address_name] => 1068 sec 3 
            [contact_name] => Heena gupta 
            [contact_phone] => 9717940231
            [country] => India
            [state] => Haryana 
            [city] => Faridabad 
            [pincode] => 121004
            [landmark] => Aggarwal public school 
            [address_line] => 1068 sec 3 opposite aggarwal public school,near mother diary, faridabad . Haryana 
        )

)
Array
(
    [sendData] => Array
        (
            [address_id] => 
            [address_name] => H n 77 street no 2 main 100 feet road Arya Nagar Loni ghaziabad
            [contact_name] => Shahid
            [contact_phone] => 07428017231
            [country] => India
            [state] => Uttar Pradesh
            [city] => Ghaziabad
            [pincode] => 201102
            [landmark] => Neelam factory 
            [address_line] => H n 77 street no 2 main 100 feet road Arya Nagar Loni ghaziabad
        )

)
Array
(
    [sendData] => Array
        (
            [address_id] => 
            [address_name] => 54B/3 Hans Enclave 
            [contact_name] => Manju Dagar
            [contact_phone] => 8860109175
            [country] => India
            [state] => Haryana 
            [city] => Gurgaon 
            [pincode] => 122001
            [landmark] => Rajiv chowk 
            [address_line] => Sec 33 
        )

)
Array
(
    [sendData] => Array
        (
            [address_id] => 
            [address_name] => C16 ,sector 2, bawana
            [contact_name] => Jigyaasa
            [contact_phone] => 9818880374
            [country] => Indian
            [state] => Delhi 
            [city] => Delhi
            [pincode] => 110042
            [landmark] => Bawana chock
            [address_line] => DSIIDC
        )

)
Array
(
    [sendData] => Array
        (
            [address_id] => 
            [address_name] => East delhi shahdara Bhola nath nagar 
            [contact_name] => Vicky 
            [contact_phone] => 9717827077
            [country] => India 
            [state] => Delhi
            [city] => DELHi 
            [pincode] => 110032
            [landmark] => Mani Ram mandir road 
            [address_line] => Apsara fashion  gali no 8
        )

)
Array
(
    [sendData] => Array
        (
            [address_id] => 
            [address_name] => Home Address 
            [contact_name] => Chaudhary Aarif 
            [contact_phone] => 8923011473
            [country] => India 
            [state] => UP
            [city] => Baghpat 
            [pincode] => 250623
            [landmark] => Jaama masjid 
            [address_line] => H no 700 Asara Baghpat Uttar Pradesh 
        )

)
Array
(
    [sendData] => Array
        (
            [address_id] => 
            [address_name] => Home
            [contact_name] => Aashi
            [contact_phone] => 8708504251
            [country] => India
            [state] => Manipal
            [city] => Sikkim
            [pincode] => 737101
            [landmark] => Xyz
            [address_line] => Hdhh
        )

)
Array
(
    [sendData] => Array
        (
            [address_id] => 
            [address_name] => Dwarikadhish Electronics, main taj highway
            [contact_name] => Near ram palace , vill - tigri , tigri gol chakkar
            [contact_phone] => 7065330001
            [country] => India
            [state] => Uttar pradesh
            [city] => Noida
            [pincode] => 201301
            [landmark] => Tigri gol chakkar
            [address_line] => Main taj highway , near tigri gol chakkar
        )

)
Array
(
    [sendData] => Array
        (
            [address_id] => 
            [address_name] => Khasra No.106/310 1/2 GF Portion village khera kalan
            [contact_name] => Shadab 
            [contact_phone] => 9667825978
            [country] => India
            [state] => Delhi 
            [city] => Delhi 
            [pincode] => 110082
            [landmark] => Near Shri Ram Dharam Kanta 
            [address_line] => Khasra No.106/310 1/2 GF Portion village khera kalan
        )

)
Array
(
    [sendData] => Array
        (
            [address_id] => 
            [address_name] => Khasra No.106/310 1/2 GF Portion village khera kalan
            [contact_name] => Shadab 
            [contact_phone] => 9667825978
            [country] => India
            [state] => Delhi 
            [city] => Delhi 
            [pincode] => 110082
            [landmark] => Near Shri Ram Dharam Kanta 
            [address_line] => Khasra No.106/310 1/2 GF Portion village khera kalan
        )

)
Array
(
    [sendData] => Array
        (
            [address_id] => 
            [address_name] => Khasra No.106/310 1/2 GF Portion village khera kalan
            [contact_name] => Shadab 
            [contact_phone] => 9667825978
            [country] => India
            [state] => Delhi 
            [city] => Delhi 
            [pincode] => 110082
            [landmark] => Near Shri Ram Dharam Kanta 
            [address_line] => Khasra No.106/310 1/2 GF Portion village khera kalan
        )

)
Array
(
    [sendData] => Array
        (
            [address_id] => 
            [address_name] => Type VI House 3C GPRA colony HUDCO Place Andrews Ganj New Delhi 
            [contact_name] => Ashok 
            [contact_phone] => 9818247513
            [country] => India
            [state] => Delhi
            [city] => New Delhi
            [pincode] => 110049
            [landmark] => Near Ansal plaza 
            [address_line] => Hudco place 
        )

)
Array
(
    [sendData] => Array
        (
            [address_id] => 
            [address_name] => A3 2005, Supertech The Romano, sector 118, Noida
            [contact_name] => Abhishek verma 
            [contact_phone] => 8800160097
            [country] => India
            [state] => Uttar pradesh 
            [city] => Noida
            [pincode] => 201301
            [landmark] => Near ajnara ambrosia
            [address_line] => A3 2005, Supertech The Romano, sector 118, Noida
        )

)
Array
(
    [sendData] => Array
        (
            [address_id] => 
            [address_name] => 2087, Gali No.17, Prem Nagar Patel Nagar 
            [contact_name] => Vishal Sharma
            [contact_phone] => 8287168151
            [country] => India 
            [state] => Delhi
            [city] => New Delhi
            [pincode] => 110008
            [landmark] => Prem Nagar fatak 
            [address_line] => 2087, Gali No.17, Prem Nagar Patel Nagar 
        )

)
Array
(
    [sendData] => Array
        (
            [address_id] => 
            [address_name] => 161
            [contact_name] => Rajni
            [contact_phone] => 95823 95678
            [country] => IN
            [state] => DL
            [city] => New Delhi
            [pincode] => 110087
            [landmark] => Near post office 
            [address_line] => 3/162
        )

)
Array
(
    [sendData] => Array
        (
            [address_id] => 
            [address_name] => Home 
            [contact_name] => Nazim
            [contact_phone] => 9711311408
            [country] => +91
            [state] => Delhi
            [city] => Shahdara
            [pincode] => 110053
            [landmark] => Zikarya masjid
            [address_line] => Gali Number 13 Subash Vihar Shahdara
        )

)
Array
(
    [sendData] => Array
        (
            [address_id] => 
            [address_name] => 1/9818
            [contact_name] => neha verma
            [contact_phone] => 9971065354
            [country] => India
            [state] => Delhi 
            [city] => Delhi
            [pincode] => 110032
            [landmark] => Near raj mata
            [address_line] => 1/9818 street no 1 west gorakh park shahdara 
        )

)
Array
(
    [sendData] => Array
        (
            [address_id] => 
            [address_name] => 80/78 Malviya Nagar
            [contact_name] => Rajiv Bhasin
            [contact_phone] => 9811571737
            [country] => India
            [state] => Delhi
            [city] => New delhi
            [pincode] => 110017
            [landmark] => Near pandit Madan Mohan hospital 
            [address_line] => 80/78 Malviya Nagar
        )

)
Array
(
    [sendData] => Array
        (
            [address_id] => 
            [address_name] => Vishal
            [contact_name] => Vishal Kumar Kashyap
            [contact_phone] => 9044463441
            [country] => India
            [state] => Haryana
            [city] => Gurugram
            [pincode] => 122008
            [landmark] => Venus Kids School 
            [address_line] => 677/28 Gali no 13 Jyoti Park Gurgaon 
        )

)
Array
(
    [sendData] => Array
        (
            [address_id] => 
            [address_name] => Cs-3 604 SUPERTECH Capetown 
            [contact_name] => Naman Jain
            [contact_phone] => 95820 20582
            [country] => IN
            [state] => UP
            [city] => Noida
            [pincode] => 201304
            [landmark] => Near Ajnara Society
            [address_line] => Cs 3,604, Supertech Capetown Sector 74
        )

)
Array
(
    [sendData] => Array
        (
            [address_id] => 
            [address_name] => Plot no 743 HN 404 Niti khand 1 indirapuram
            [contact_name] => Shivani Nayal
            [contact_phone] => +918587898835
            [country] => India
            [state] => UTTAR PRADESH
            [city] => Ghaziabad
            [pincode] => 201010
            [landmark] => Little millenium school
            [address_line] => Plot No 743 Hn 404
        )

)
Array
(
    [sendData] => Array
        (
            [address_id] => 
            [address_name] => C-2 3rd floor Trivir residency near panchmukhi hanuman mandir sec-7 extension GURGAON 
            [contact_name] => Gaurav 
            [contact_phone] => 9540150014
            [country] => India 
            [state] => Haryana 
            [city] => Gurgaon 
            [pincode] => 122001
            [landmark] => Near panchmukhi hanuman mandir 
            [address_line] => Sector 7 extension 
        )

)
Array
(
    [sendData] => Array
        (
            [address_id] => 
            [address_name] => 362, Mandakini enclave, Alaknanda 
            [contact_name] => Anita 
            [contact_phone] => 9910066519
            [country] => India 
            [state] => Delhi
            [city] => New Delhi 
            [pincode] => 110019
            [landmark] => Kalka public school 
            [address_line] => 362, Mandakini enclave, Alaknanda
        )

)
Array
(
    [sendData] => Array
        (
            [address_id] => 
            [address_name] => Mahendru enclave 
            [contact_name] => Mohini Makan
            [contact_phone] => 96540854679
            [country] => India
            [state] => Delhi 
            [city] => Delhi 
            [pincode] => 110009
            [landmark] => Near model town 3
            [address_line] => Line1 D-143 2nd floor flat no 10
        )

)
Array
(
    [sendData] => Array
        (
            [address_id] => 
            [address_name] => Patparganj 
            [contact_name] => Kamna
            [contact_phone] => 9871423295
            [country] => India
            [state] => New delhi
            [city] => New delhi
            [pincode] => 110092
            [landmark] => Madhu vihar
            [address_line] => Patparganj i p extension 
        )

)
Array
(
    [sendData] => Array
        (
            [address_id] => 
            [address_name] => House no 11 street no 11 A-1 block sant nagar burari 
            [contact_name] => Vishal 
            [contact_phone] => 98712 33159
            [country] => IN
            [state] => DL
            [city] => NORTH
            [pincode] => 110084
            [landmark] => Rani public school
            [address_line] => Sant Nagar Burari
        )

)
Array
(
    [sendData] => Array
        (
            [address_id] => 
            [address_name] => Jeetendra Negi
            [contact_name] => Jeetendra Singh
            [contact_phone] => 09718514550
            [country] => India
            [state] => Delhi
            [city] => East Delhi
            [pincode] => 110092
            [landmark] => Mother Convent school
            [address_line] => UGF-01, 408, B1, 95, Gali no-8, Sarpanch Bara, Mandawali
        )

)
Array
(
    [sendData] => Array
        (
            [address_id] => 
            [address_name] => Home
            [contact_name] => Manju
            [contact_phone] => 8368930563
            [country] => India 
            [state] => Haryana 
            [city] => Faridabad 
            [pincode] => 121001
            [landmark] => Bhatia crane wali gali
            [address_line] => 1033 , Gandhi colony , Faridabad 
        )

)
Array
(
    [sendData] => Array
        (
            [address_id] => 
            [address_name] => Sanjay Gupta 
            [contact_name] => Sanjay Gupta 
            [contact_phone] => 9810660082
            [country] => India
            [state] => UP
            [city] => Ghaziabad 
            [pincode] => 201001
            [landmark] => Behind Ganesh hospital 
            [address_line] => 2 C 38 Nehru nagar Ghaziabad 
        )

)
Array
(
    [sendData] => Array
        (
            [address_id] => 
            [address_name] => 501 Tower 14
            [contact_name] => Balbeer Raj Mathur
            [contact_phone] => +91 99117 72699
            [country] => India
            [state] => Haryana
            [city] => Gurugram 
            [pincode] => 122018
            [landmark] => Opposite The Close South
            [address_line] => address is 501 Tower 14, The Close North, Nirvana Country, Sector 50, Gurugram 122018 
        )

)
Array
(
    [sendData] => Array
        (
            [address_id] => 1513
            [address_name] => Home
            [contact_name] => Aashi
            [contact_phone] => 8708504251
            [country] => India
            [state] => Haryana
            [city] => Gurugram 
            [pincode] => 202001
            [landmark] => Sikandarpur metro station 
            [address_line] => City court DLF paripatram 1009, 10th Floor
        )

)
Array
(
    [sendData] => Array
        (
            [address_id] => 
            [address_name] => Home
            [contact_name] => Aashi
            [contact_phone] => 8708504251
            [country] => India
            [state] => Haryana
            [city] => Gurugram 
            [pincode] => 122001
            [landmark] => DLF
            [address_line] => U block DLF Phase 3
        )

)
Array
(
    [sendData] => Array
        (
            [address_id] => 
            [address_name] => E119 GF Sushant Lok Phase III 
            [contact_name] => Ajit
            [contact_phone] => 9654775838
            [country] => India
            [state] => Haryana
            [city] => Gurugram
            [pincode] => 122003
            [landmark] => Opp. HDFC School
            [address_line] => Sector 57
        )

)
Array
(
    [sendData] => Array
        (
            [address_id] => 
            [address_name] => B9-6A, SS Leaf
            [contact_name] => Ayush Agarwal
            [contact_phone] => 8010150164
            [country] => India
            [state] => Haryana
            [city] => Gurugram
            [pincode] => 122004
            [landmark] => Sector 85
            [address_line] => Sector 85
        )

)
Array
(
    [sendData] => Array
        (
            [address_id] => 
            [address_name] => Team pumpkin office
            [contact_name] => Tushar
            [contact_phone] => 9814671394
            [country] => India
            [state] => Haryana
            [city] => Gurgaon
            [pincode] => 201301
            [landmark] => Opposite to Nimble co work
            [address_line] => Plot number 249, udyog vihar phase 4 team pumpkin
        )

)
Array
(
    [sendData] => Array
        (
            [address_id] => 
            [address_name] => Team pumpkin office
            [contact_name] => Tushar
            [contact_phone] => 9814671394
            [country] => India
            [state] => Haryana
            [city] => Gurgaon
            [pincode] => 201301
            [landmark] => Opposite to Nimble co work
            [address_line] => Plot number 249, udyog vihar phase 4 team pumpkin
        )

)
Array
(
    [sendData] => Array
        (
            [address_id] => 
            [address_name] => Team pumpkin office
            [contact_name] => Tushar
            [contact_phone] => 9814671394
            [country] => India
            [state] => Haryana
            [city] => Gurgaon
            [pincode] => 201301
            [landmark] => Opposite to Nimble co work
            [address_line] => Plot number 249, udyog vihar phase 4 team pumpkin
        )

)
Array
(
    [sendData] => Array
        (
            [address_id] => 
            [address_name] => Team pumpkin office
            [contact_name] => Tushar
            [contact_phone] => 9814671394
            [country] => India
            [state] => Haryana
            [city] => Gurgaon
            [pincode] => 201301
            [landmark] => Opposite to Nimble co work
            [address_line] => Plot number 249, udyog vihar phase 4 team pumpkin
        )

)
Array
(
    [sendData] => Array
        (
            [address_id] => 
            [address_name] => Team pumpkin office
            [contact_name] => Tushar
            [contact_phone] => 9814671394
            [country] => India
            [state] => Haryana
            [city] => Gurgaon
            [pincode] => 201301
            [landmark] => Opposite to Nimble co work
            [address_line] => Plot number 249, udyog vihar phase 4 team pumpkin
        )

)
Array
(
    [sendData] => Array
        (
            [address_id] => 
            [address_name] =>  C3,382 Lodhi colony 
            [contact_name] => Tamanna
            [contact_phone] => 9992339006
            [country] => India 
            [state] =>  Delhi 
            [city] => New Delhi 
            [pincode] => 110003
            [landmark] => Khanna market 
            [address_line] => C3,382 Lodhi colony in front of Khanna market, New Delhi 
        )

)
Array
(
    [sendData] => Array
        (
            [address_id] => 
            [address_name] => Home
            [contact_name] => Aashi
            [contact_phone] => 8708504251
            [country] => India
            [state] => Manipur
            [city] => Impal
            [pincode] => 795001
            [landmark] => Kangla fort
            [address_line] => Manirpje
        )

)
Array
(
    [sendData] => Array
        (
            [address_id] => 
            [address_name] => 616,sector 19,pocket2,
            [contact_name] => Simmi Gill
            [contact_phone] => 8178217744
            [country] => India
            [state] => Delhi
            [city] => Delhi,dwarka
            [pincode] => 110075
            [landmark] => Amberhai village 
            [address_line] => Sector 19 floor 4th
        )

)
Array
(
    [sendData] => Array
        (
            [address_id] => 
            [address_name] => B 109, Indraprastha Villa, Sector 61, Noida
            [contact_name] => Deepak
            [contact_phone] => 9711080906
            [country] => India
            [state] => Uttar Pradesh
            [city] => Noida
            [pincode] => 201301
            [landmark] => Indraprastha Villa
            [address_line] => B 109, Indraprastha Villa, Sector 61, Noida
        )

)
Array
(
    [sendData] => Array
        (
            [address_id] => 
            [address_name] => Teat
            [contact_name] => Imran
            [contact_phone] => 8116334725
            [country] => India
            [state] => WB
            [city] => Kolkata 
            [pincode] => 721633
            [landmark] => Osmanpur 
            [address_line] => Osmanpur
        )

)
Array
(
    [sendData] => Array
        (
            [address_id] => 
            [address_name] => Hno-338 Gali No-9 Prem Nagar Karawal Nagar
            [contact_name] => Vipin
            [contact_phone] => 9625628262
            [country] => India
            [state] => Delhi
            [city] => Delhi
            [pincode] => 110094
            [landmark] => Mangal Bazaar & Yadav Property
            [address_line] => Hno-338 Gali No-9 Prem Nagar Karawal Nagar Delhi-110094
        )

)
Array
(
    [sendData] => Array
        (
            [address_id] => 1623
            [address_name] => Home
            [contact_name] => Aashi
            [contact_phone] => 8708504251
            [country] => India
            [state] => Manipur
            [city] => Impal
            [pincode] => 795001
            [landmark] => Kangla fort
            [address_line] => Manirpur
        )

)
Array
(
    [sendData] => Array
        (
            [address_id] => 
            [address_name] => Varun's residence
            [contact_name] => Varun Shah
            [contact_phone] => 04395840832
            [country] => India
            [state] => Gujarat
            [city] => Shela
            [pincode] => 380058
            [landmark] => Khadiya
            [address_line] => Aakash Residency
        )

)
Array
(
    [sendData] => Array
        (
            [address_id] => 
            [address_name] => Home
            [contact_name] => Meera 
            [contact_phone] => 9810742563
            [country] => India
            [state] => Haryana
            [city] => Gurgaon 
            [pincode] => 122017
            [landmark] => Near Ansal Plaza
            [address_line] => G 213 Palam Vihar
        )

)
